<?xml version="1.0" encoding="utf-8"?><testsuites name="pytest tests"><testsuite name="pytest" errors="0" failures="1" skipped="0" tests="32" time="16.887" timestamp="2026-05-08T10:32:33.846299+00:00" hostname="agent-env-489d41fa-fbc6-49f2-9560-ced4ced3827a"><testcase classname="backend.tests.test_p1_p2_enhancements.TestQClusterAndSchedule" name="test_qcluster_supervisor_running" time="0.215" /><testcase classname="backend.tests.test_p1_p2_enhancements.TestQClusterAndSchedule" name="test_qcluster_log_shows_running_marker" time="0.000" /><testcase classname="backend.tests.test_p1_p2_enhancements.TestQClusterAndSchedule" name="test_28th_payroll_schedule_registered" time="0.291" /><testcase classname="backend.tests.test_p1_p2_enhancements.TestLeaveFlows" name="test_hr_leave_list_renders" time="0.617" /><testcase classname="backend.tests.test_p1_p2_enhancements.TestLeaveFlows" name="test_hr_leave_new_form_renders" time="0.553" /><testcase classname="backend.tests.test_p1_p2_enhancements.TestLeaveFlows" name="test_full_create_approve_flow" time="1.154" /><testcase classname="backend.tests.test_p1_p2_enhancements.TestLeaveFlows" name="test_create_and_cancel_own_leave" time="1.120" /><testcase classname="backend.tests.test_p1_p2_enhancements.TestLivePresence" name="test_hr_live_presence_returns_json" time="0.603" /><testcase classname="backend.tests.test_p1_p2_enhancements.TestLivePresence" name="test_attendance_dashboard_has_live_stamp" time="0.581" /><testcase classname="backend.tests.test_p1_p2_enhancements.TestDocumentVault" name="test_hr_verify_lists_locked_profiles" time="0.551" /><testcase classname="backend.tests.test_p1_p2_enhancements.TestDocumentVault" name="test_unlock_then_relock_persists" time="1.786" /><testcase classname="backend.tests.test_p1_p2_enhancements.TestMalayalamI18n" name="test_switch_to_ml_renders_malayalam_dashboard" time="0.671" /><testcase classname="backend.tests.test_p1_p2_enhancements.TestHtmlEmail" name="test_html_email_content_type_in_backend_log" time="2.561" /><testcase classname="backend.tests.test_p1_p2_enhancements.TestMd2FA" name="test_full_md_2fa_round_trip" time="1.509" /><testcase classname="backend.tests.test_p1_p2_enhancements.TestMd2FA" name="test_md_2fa_verify_after_session_clear" time="1.682" /><testcase classname="backend.tests.test_wolan Hr_hr_superapp.TestAuth" name="test_login_page_loads" time="0.101" /><testcase classname="backend.tests.test_wolan Hr_hr_superapp.TestAuth" name="test_md_login" time="0.616" /><testcase classname="backend.tests.test_wolan Hr_hr_superapp.TestAuth" name="test_hr_login" time="0.495" /><testcase classname="backend.tests.test_wolan Hr_hr_superapp.TestAuth" name="test_unauthenticated_dashboard_redirects" time="0.114" /><testcase classname="backend.tests.test_wolan Hr_hr_superapp.TestAttendance" name="test_clock_page_loads" time="0.056" /><testcase classname="backend.tests.test_wolan Hr_hr_superapp.TestAttendance" name="test_attendance_dashboard_manager" time="0.120"><failure message="assert ('chart' in '\n&lt;!doctype html&gt;\n&lt;html lang=&quot;en&quot;&gt;\n&lt;head&gt;\n    &lt;meta charset=&quot;utf-8&quot;&gt;\n    &lt;meta name=&quot;viewport&quot; content=&quot;width=device-width, initial-scale=1.0&quot;&gt;\n    &lt;title&gt;set up two-factor - wolan Hr&lt;/title&gt;\n    &lt;script src=&quot;https://cdn.tailwindcss.com&quot;&gt;&lt;/script&gt;\n    &lt;style&gt;\n        @import url(\'https://fonts.googleapis.com/css2?family=inter:wght@300;400;500;600;700&amp;display=swap\');\n        body { font-family: \'inter\', \'noto sans malayalam\', sans-serif; background-color: #f8fafc; }\n    &lt;/style&gt;\n&lt;/head&gt;\n&lt;body class=&quot;text-slate-800 antialiased min-h-screen flex flex-col&quot;&gt;\n    &lt;nav class=&quot;bg-white border-b border-slate-200 sticky top-0 z-50&quot;&gt;\n        &lt;div class=&quot;max-w-7xl mx-auto px-4 sm:px-6 lg:px-8&quot;&gt;\n            &lt;div class=&quot;flex justify-between h-16 items-center&quot;&gt;\n                &lt;a href=&quot;/dashboard/&quot; class=&quot;flex items-center&quot; data-testid=&quot;nav-home&quot;&gt;\n                    &lt;span class=&quot;text-2xl font-bold text-blue-600 tracking-tight&quot;&gt;wolan Hr&lt;/span&gt;\n                    &lt;span class=&quot;ml-2 text-sm font-medium text-slate-500&quot;&gt;| hr superapp&lt;/span&gt;\n                &lt;/a&gt;\n\n                &lt;div class=&quot;flex items-center gap-3&quot;&gt;\n                    \n                    &lt;a href=&quot;/l...white border-t border-slate-200 mt-auto py-6&quot;&gt;\n        &lt;div class=&quot;max-w-7xl mx-auto px-4 sm:px-6 lg:px-8 text-center text-sm text-slate-500&quot;&gt;\n            &amp;copy; 2026 wolan Hr. all rights reserved.\n        &lt;/div&gt;\n    &lt;/footer&gt;\n&lt;script&gt;(function(){function c(){var b=a.contentdocument||a.contentwindow.document;if(b){var d=b.createelement(\'script\');d.innerhtml=&quot;window.__cf$cv$params={r:\'9f87cd7c8bcc61f7\',t:\'mtc3odiznjm2oq==\'};var a=document.createelement(\'script\');a.src=\'/cdn-cgi/challenge-platform/scripts/jsd/main.js\';document.getelementsbytagname(\'head\')[0].appendchild(a);&quot;;b.getelementsbytagname(\'head\')[0].appendchild(d)}}if(document.body){var a=document.createelement(\'iframe\');a.height=1;a.width=1;a.style.position=\'absolute\';a.style.top=0;a.style.left=0;a.style.border=\'none\';a.style.visibility=\'hidden\';document.body.appendchild(a);if(\'loading\'!==document.readystate)c();else if(window.addeventlistener)document.addeventlistener(\'domcontentloaded\',c);else{var e=document.onreadystatechange||function(){};document.onreadystatechange=function(b){e(b);\'loading\'!==document.readystate&amp;&amp;(document.onreadystatechange=e,c())}}}})();&lt;/script&gt;&lt;/body&gt;\n&lt;/html&gt;\n' or 'heatmap' in '\n&lt;!doctype html&gt;\n&lt;html lang=&quot;en&quot;&gt;\n&lt;head&gt;\n    &lt;meta charset=&quot;utf-8&quot;&gt;\n    &lt;meta name=&quot;viewport&quot; content=&quot;width=device-width, initial-scale=1.0&quot;&gt;\n    &lt;title&gt;set up two-factor - wolan Hr&lt;/title&gt;\n    &lt;script src=&quot;https://cdn.tailwindcss.com&quot;&gt;&lt;/script&gt;\n    &lt;style&gt;\n        @import url(\'https://fonts.googleapis.com/css2?family=inter:wght@300;400;500;600;700&amp;display=swap\');\n        body { font-family: \'inter\', \'noto sans malayalam\', sans-serif; background-color: #f8fafc; }\n    &lt;/style&gt;\n&lt;/head&gt;\n&lt;body class=&quot;text-slate-800 antialiased min-h-screen flex flex-col&quot;&gt;\n    &lt;nav class=&quot;bg-white border-b border-slate-200 sticky top-0 z-50&quot;&gt;\n        &lt;div class=&quot;max-w-7xl mx-auto px-4 sm:px-6 lg:px-8&quot;&gt;\n            &lt;div class=&quot;flex justify-between h-16 items-center&quot;&gt;\n                &lt;a href=&quot;/dashboard/&quot; class=&quot;flex items-center&quot; data-testid=&quot;nav-home&quot;&gt;\n                    &lt;span class=&quot;text-2xl font-bold text-blue-600 tracking-tight&quot;&gt;wolan Hr&lt;/span&gt;\n                    &lt;span class=&quot;ml-2 text-sm font-medium text-slate-500&quot;&gt;| hr superapp&lt;/span&gt;\n                &lt;/a&gt;\n\n                &lt;div class=&quot;flex items-center gap-3&quot;&gt;\n                    \n                    &lt;a href=&quot;/l...white border-t border-slate-200 mt-auto py-6&quot;&gt;\n        &lt;div class=&quot;max-w-7xl mx-auto px-4 sm:px-6 lg:px-8 text-center text-sm text-slate-500&quot;&gt;\n            &amp;copy; 2026 wolan Hr. all rights reserved.\n        &lt;/div&gt;\n    &lt;/footer&gt;\n&lt;script&gt;(function(){function c(){var b=a.contentdocument||a.contentwindow.document;if(b){var d=b.createelement(\'script\');d.innerhtml=&quot;window.__cf$cv$params={r:\'9f87cd7c8bcc61f7\',t:\'mtc3odiznjm2oq==\'};var a=document.createelement(\'script\');a.src=\'/cdn-cgi/challenge-platform/scripts/jsd/main.js\';document.getelementsbytagname(\'head\')[0].appendchild(a);&quot;;b.getelementsbytagname(\'head\')[0].appendchild(d)}}if(document.body){var a=document.createelement(\'iframe\');a.height=1;a.width=1;a.style.position=\'absolute\';a.style.top=0;a.style.left=0;a.style.border=\'none\';a.style.visibility=\'hidden\';document.body.appendchild(a);if(\'loading\'!==document.readystate)c();else if(window.addeventlistener)document.addeventlistener(\'domcontentloaded\',c);else{var e=document.onreadystatechange||function(){};document.onreadystatechange=function(b){e(b);\'loading\'!==document.readystate&amp;&amp;(document.onreadystatechange=e,c())}}}})();&lt;/script&gt;&lt;/body&gt;\n&lt;/html&gt;\n')&#10; +  where '\n&lt;!doctype html&gt;\n&lt;html lang=&quot;en&quot;&gt;\n&lt;head&gt;\n    &lt;meta charset=&quot;utf-8&quot;&gt;\n    &lt;meta name=&quot;viewport&quot; content=&quot;width=device-width, initial-scale=1.0&quot;&gt;\n    &lt;title&gt;set up two-factor - wolan Hr&lt;/title&gt;\n    &lt;script src=&quot;https://cdn.tailwindcss.com&quot;&gt;&lt;/script&gt;\n    &lt;style&gt;\n        @import url(\'https://fonts.googleapis.com/css2?family=inter:wght@300;400;500;600;700&amp;display=swap\');\n        body { font-family: \'inter\', \'noto sans malayalam\', sans-serif; background-color: #f8fafc; }\n    &lt;/style&gt;\n&lt;/head&gt;\n&lt;body class=&quot;text-slate-800 antialiased min-h-screen flex flex-col&quot;&gt;\n    &lt;nav class=&quot;bg-white border-b border-slate-200 sticky top-0 z-50&quot;&gt;\n        &lt;div class=&quot;max-w-7xl mx-auto px-4 sm:px-6 lg:px-8&quot;&gt;\n            &lt;div class=&quot;flex justify-between h-16 items-center&quot;&gt;\n                &lt;a href=&quot;/dashboard/&quot; class=&quot;flex items-center&quot; data-testid=&quot;nav-home&quot;&gt;\n                    &lt;span class=&quot;text-2xl font-bold text-blue-600 tracking-tight&quot;&gt;wolan Hr&lt;/span&gt;\n                    &lt;span class=&quot;ml-2 text-sm font-medium text-slate-500&quot;&gt;| hr superapp&lt;/span&gt;\n                &lt;/a&gt;\n\n                &lt;div class=&quot;flex items-center gap-3&quot;&gt;\n                    \n                    &lt;a href=&quot;/l...white border-t border-slate-200 mt-auto py-6&quot;&gt;\n        &lt;div class=&quot;max-w-7xl mx-auto px-4 sm:px-6 lg:px-8 text-center text-sm text-slate-500&quot;&gt;\n            &amp;copy; 2026 wolan Hr. all rights reserved.\n        &lt;/div&gt;\n    &lt;/footer&gt;\n&lt;script&gt;(function(){function c(){var b=a.contentdocument||a.contentwindow.document;if(b){var d=b.createelement(\'script\');d.innerhtml=&quot;window.__cf$cv$params={r:\'9f87cd7c8bcc61f7\',t:\'mtc3odiznjm2oq==\'};var a=document.createelement(\'script\');a.src=\'/cdn-cgi/challenge-platform/scripts/jsd/main.js\';document.getelementsbytagname(\'head\')[0].appendchild(a);&quot;;b.getelementsbytagname(\'head\')[0].appendchild(d)}}if(document.body){var a=document.createelement(\'iframe\');a.height=1;a.width=1;a.style.position=\'absolute\';a.style.top=0;a.style.left=0;a.style.border=\'none\';a.style.visibility=\'hidden\';document.body.appendchild(a);if(\'loading\'!==document.readystate)c();else if(window.addeventlistener)document.addeventlistener(\'domcontentloaded\',c);else{var e=document.onreadystatechange||function(){};document.onreadystatechange=function(b){e(b);\'loading\'!==document.readystate&amp;&amp;(document.onreadystatechange=e,c())}}}})();&lt;/script&gt;&lt;/body&gt;\n&lt;/html&gt;\n' = &lt;built-in method lower of str object at 0xb0716a30cd30&gt;()&#10; +    where &lt;built-in method lower of str object at 0xb0716a30cd30&gt; = '\n&lt;!DOCTYPE html&gt;\n&lt;html lang=&quot;en&quot;&gt;\n&lt;head&gt;\n    &lt;meta charset=&quot;UTF-8&quot;&gt;\n    &lt;meta name=&quot;viewport&quot; content=&quot;width=device-width, initial-scale=1.0&quot;&gt;\n    &lt;title&gt;Set up Two-Factor - wolan Hr&lt;/title&gt;\n    &lt;script src=&quot;https://cdn.tailwindcss.com&quot;&gt;&lt;/script&gt;\n    &lt;style&gt;\n        @import url(\'https://fonts.googleapis.com/css2?family=Inter:wght@300;400;500;600;700&amp;display=swap\');\n        body { font-family: \'Inter\', \'Noto Sans Malayalam\', sans-serif; background-color: #f8fafc; }\n    &lt;/style&gt;\n&lt;/head&gt;\n&lt;body class=&quot;text-slate-800 antialiased min-h-screen flex flex-col&quot;&gt;\n    &lt;nav class=&quot;bg-white border-b border-slate-200 sticky top-0 z-50&quot;&gt;\n        &lt;div class=&quot;max-w-7xl mx-auto px-4 sm:px-6 lg:px-8&quot;&gt;\n            &lt;div class=&quot;flex justify-between h-16 items-center&quot;&gt;\n                &lt;a href=&quot;/dashboard/&quot; class=&quot;flex items-center&quot; data-testid=&quot;nav-home&quot;&gt;\n                    &lt;span class=&quot;text-2xl font-bold text-blue-600 tracking-tight&quot;&gt;wolan Hr&lt;/span&gt;\n                    &lt;span class=&quot;ml-2 text-sm font-medium text-slate-500&quot;&gt;| HR SuperApp&lt;/span&gt;\n                &lt;/a&gt;\n\n                &lt;div class=&quot;flex items-center gap-3&quot;&gt;\n                    \n                    &lt;a href=&quot;/l...white border-t border-slate-200 mt-auto py-6&quot;&gt;\n        &lt;div class=&quot;max-w-7xl mx-auto px-4 sm:px-6 lg:px-8 text-center text-sm text-slate-500&quot;&gt;\n            &amp;copy; 2026 wolan Hr. All rights reserved.\n        &lt;/div&gt;\n    &lt;/footer&gt;\n&lt;script&gt;(function(){function c(){var b=a.contentDocument||a.contentWindow.document;if(b){var d=b.createElement(\'script\');d.innerHTML=&quot;window.__CF$cv$params={r:\'9f87cd7c8bcc61f7\',t:\'MTc3ODIzNjM2OQ==\'};var a=document.createElement(\'script\');a.src=\'/cdn-cgi/challenge-platform/scripts/jsd/main.js\';document.getElementsByTagName(\'head\')[0].appendChild(a);&quot;;b.getElementsByTagName(\'head\')[0].appendChild(d)}}if(document.body){var a=document.createElement(\'iframe\');a.height=1;a.width=1;a.style.position=\'absolute\';a.style.top=0;a.style.left=0;a.style.border=\'none\';a.style.visibility=\'hidden\';document.body.appendChild(a);if(\'loading\'!==document.readyState)c();else if(window.addEventListener)document.addEventListener(\'DOMContentLoaded\',c);else{var e=document.onreadystatechange||function(){};document.onreadystatechange=function(b){e(b);\'loading\'!==document.readyState&amp;&amp;(document.onreadystatechange=e,c())}}}})();&lt;/script&gt;&lt;/body&gt;\n&lt;/html&gt;\n'.lower&#10; +      where '\n&lt;!DOCTYPE html&gt;\n&lt;html lang=&quot;en&quot;&gt;\n&lt;head&gt;\n    &lt;meta charset=&quot;UTF-8&quot;&gt;\n    &lt;meta name=&quot;viewport&quot; content=&quot;width=device-width, initial-scale=1.0&quot;&gt;\n    &lt;title&gt;Set up Two-Factor - wolan Hr&lt;/title&gt;\n    &lt;script src=&quot;https://cdn.tailwindcss.com&quot;&gt;&lt;/script&gt;\n    &lt;style&gt;\n        @import url(\'https://fonts.googleapis.com/css2?family=Inter:wght@300;400;500;600;700&amp;display=swap\');\n        body { font-family: \'Inter\', \'Noto Sans Malayalam\', sans-serif; background-color: #f8fafc; }\n    &lt;/style&gt;\n&lt;/head&gt;\n&lt;body class=&quot;text-slate-800 antialiased min-h-screen flex flex-col&quot;&gt;\n    &lt;nav class=&quot;bg-white border-b border-slate-200 sticky top-0 z-50&quot;&gt;\n        &lt;div class=&quot;max-w-7xl mx-auto px-4 sm:px-6 lg:px-8&quot;&gt;\n            &lt;div class=&quot;flex justify-between h-16 items-center&quot;&gt;\n                &lt;a href=&quot;/dashboard/&quot; class=&quot;flex items-center&quot; data-testid=&quot;nav-home&quot;&gt;\n                    &lt;span class=&quot;text-2xl font-bold text-blue-600 tracking-tight&quot;&gt;wolan Hr&lt;/span&gt;\n                    &lt;span class=&quot;ml-2 text-sm font-medium text-slate-500&quot;&gt;| HR SuperApp&lt;/span&gt;\n                &lt;/a&gt;\n\n                &lt;div class=&quot;flex items-center gap-3&quot;&gt;\n                    \n                    &lt;a href=&quot;/l...white border-t border-slate-200 mt-auto py-6&quot;&gt;\n        &lt;div class=&quot;max-w-7xl mx-auto px-4 sm:px-6 lg:px-8 text-center text-sm text-slate-500&quot;&gt;\n            &amp;copy; 2026 wolan Hr. All rights reserved.\n        &lt;/div&gt;\n    &lt;/footer&gt;\n&lt;script&gt;(function(){function c(){var b=a.contentDocument||a.contentWindow.document;if(b){var d=b.createElement(\'script\');d.innerHTML=&quot;window.__CF$cv$params={r:\'9f87cd7c8bcc61f7\',t:\'MTc3ODIzNjM2OQ==\'};var a=document.createElement(\'script\');a.src=\'/cdn-cgi/challenge-platform/scripts/jsd/main.js\';document.getElementsByTagName(\'head\')[0].appendChild(a);&quot;;b.getElementsByTagName(\'head\')[0].appendChild(d)}}if(document.body){var a=document.createElement(\'iframe\');a.height=1;a.width=1;a.style.position=\'absolute\';a.style.top=0;a.style.left=0;a.style.border=\'none\';a.style.visibility=\'hidden\';document.body.appendChild(a);if(\'loading\'!==document.readyState)c();else if(window.addEventListener)document.addEventListener(\'DOMContentLoaded\',c);else{var e=document.onreadystatechange||function(){};document.onreadystatechange=function(b){e(b);\'loading\'!==document.readyState&amp;&amp;(document.onreadystatechange=e,c())}}}})();&lt;/script&gt;&lt;/body&gt;\n&lt;/html&gt;\n' = &lt;Response [200]&gt;.text&#10; +  and   '\n&lt;!doctype html&gt;\n&lt;html lang=&quot;en&quot;&gt;\n&lt;head&gt;\n    &lt;meta charset=&quot;utf-8&quot;&gt;\n    &lt;meta name=&quot;viewport&quot; content=&quot;width=device-width, initial-scale=1.0&quot;&gt;\n    &lt;title&gt;set up two-factor - wolan Hr&lt;/title&gt;\n    &lt;script src=&quot;https://cdn.tailwindcss.com&quot;&gt;&lt;/script&gt;\n    &lt;style&gt;\n        @import url(\'https://fonts.googleapis.com/css2?family=inter:wght@300;400;500;600;700&amp;display=swap\');\n        body { font-family: \'inter\', \'noto sans malayalam\', sans-serif; background-color: #f8fafc; }\n    &lt;/style&gt;\n&lt;/head&gt;\n&lt;body class=&quot;text-slate-800 antialiased min-h-screen flex flex-col&quot;&gt;\n    &lt;nav class=&quot;bg-white border-b border-slate-200 sticky top-0 z-50&quot;&gt;\n        &lt;div class=&quot;max-w-7xl mx-auto px-4 sm:px-6 lg:px-8&quot;&gt;\n            &lt;div class=&quot;flex justify-between h-16 items-center&quot;&gt;\n                &lt;a href=&quot;/dashboard/&quot; class=&quot;flex items-center&quot; data-testid=&quot;nav-home&quot;&gt;\n                    &lt;span class=&quot;text-2xl font-bold text-blue-600 tracking-tight&quot;&gt;wolan Hr&lt;/span&gt;\n                    &lt;span class=&quot;ml-2 text-sm font-medium text-slate-500&quot;&gt;| hr superapp&lt;/span&gt;\n                &lt;/a&gt;\n\n                &lt;div class=&quot;flex items-center gap-3&quot;&gt;\n                    \n                    &lt;a href=&quot;/l...white border-t border-slate-200 mt-auto py-6&quot;&gt;\n        &lt;div class=&quot;max-w-7xl mx-auto px-4 sm:px-6 lg:px-8 text-center text-sm text-slate-500&quot;&gt;\n            &amp;copy; 2026 wolan Hr. all rights reserved.\n        &lt;/div&gt;\n    &lt;/footer&gt;\n&lt;script&gt;(function(){function c(){var b=a.contentdocument||a.contentwindow.document;if(b){var d=b.createelement(\'script\');d.innerhtml=&quot;window.__cf$cv$params={r:\'9f87cd7c8bcc61f7\',t:\'mtc3odiznjm2oq==\'};var a=document.createelement(\'script\');a.src=\'/cdn-cgi/challenge-platform/scripts/jsd/main.js\';document.getelementsbytagname(\'head\')[0].appendchild(a);&quot;;b.getelementsbytagname(\'head\')[0].appendchild(d)}}if(document.body){var a=document.createelement(\'iframe\');a.height=1;a.width=1;a.style.position=\'absolute\';a.style.top=0;a.style.left=0;a.style.border=\'none\';a.style.visibility=\'hidden\';document.body.appendchild(a);if(\'loading\'!==document.readystate)c();else if(window.addeventlistener)document.addeventlistener(\'domcontentloaded\',c);else{var e=document.onreadystatechange||function(){};document.onreadystatechange=function(b){e(b);\'loading\'!==document.readystate&amp;&amp;(document.onreadystatechange=e,c())}}}})();&lt;/script&gt;&lt;/body&gt;\n&lt;/html&gt;\n' = &lt;built-in method lower of str object at 0xb0716a29d9e0&gt;()&#10; +    where &lt;built-in method lower of str object at 0xb0716a29d9e0&gt; = '\n&lt;!DOCTYPE html&gt;\n&lt;html lang=&quot;en&quot;&gt;\n&lt;head&gt;\n    &lt;meta charset=&quot;UTF-8&quot;&gt;\n    &lt;meta name=&quot;viewport&quot; content=&quot;width=device-width, initial-scale=1.0&quot;&gt;\n    &lt;title&gt;Set up Two-Factor - wolan Hr&lt;/title&gt;\n    &lt;script src=&quot;https://cdn.tailwindcss.com&quot;&gt;&lt;/script&gt;\n    &lt;style&gt;\n        @import url(\'https://fonts.googleapis.com/css2?family=Inter:wght@300;400;500;600;700&amp;display=swap\');\n        body { font-family: \'Inter\', \'Noto Sans Malayalam\', sans-serif; background-color: #f8fafc; }\n    &lt;/style&gt;\n&lt;/head&gt;\n&lt;body class=&quot;text-slate-800 antialiased min-h-screen flex flex-col&quot;&gt;\n    &lt;nav class=&quot;bg-white border-b border-slate-200 sticky top-0 z-50&quot;&gt;\n        &lt;div class=&quot;max-w-7xl mx-auto px-4 sm:px-6 lg:px-8&quot;&gt;\n            &lt;div class=&quot;flex justify-between h-16 items-center&quot;&gt;\n                &lt;a href=&quot;/dashboard/&quot; class=&quot;flex items-center&quot; data-testid=&quot;nav-home&quot;&gt;\n                    &lt;span class=&quot;text-2xl font-bold text-blue-600 tracking-tight&quot;&gt;wolan Hr&lt;/span&gt;\n                    &lt;span class=&quot;ml-2 text-sm font-medium text-slate-500&quot;&gt;| HR SuperApp&lt;/span&gt;\n                &lt;/a&gt;\n\n                &lt;div class=&quot;flex items-center gap-3&quot;&gt;\n                    \n                    &lt;a href=&quot;/l...white border-t border-slate-200 mt-auto py-6&quot;&gt;\n        &lt;div class=&quot;max-w-7xl mx-auto px-4 sm:px-6 lg:px-8 text-center text-sm text-slate-500&quot;&gt;\n            &amp;copy; 2026 wolan Hr. All rights reserved.\n        &lt;/div&gt;\n    &lt;/footer&gt;\n&lt;script&gt;(function(){function c(){var b=a.contentDocument||a.contentWindow.document;if(b){var d=b.createElement(\'script\');d.innerHTML=&quot;window.__CF$cv$params={r:\'9f87cd7c8bcc61f7\',t:\'MTc3ODIzNjM2OQ==\'};var a=document.createElement(\'script\');a.src=\'/cdn-cgi/challenge-platform/scripts/jsd/main.js\';document.getElementsByTagName(\'head\')[0].appendChild(a);&quot;;b.getElementsByTagName(\'head\')[0].appendChild(d)}}if(document.body){var a=document.createElement(\'iframe\');a.height=1;a.width=1;a.style.position=\'absolute\';a.style.top=0;a.style.left=0;a.style.border=\'none\';a.style.visibility=\'hidden\';document.body.appendChild(a);if(\'loading\'!==document.readyState)c();else if(window.addEventListener)document.addEventListener(\'DOMContentLoaded\',c);else{var e=document.onreadystatechange||function(){};document.onreadystatechange=function(b){e(b);\'loading\'!==document.readyState&amp;&amp;(document.onreadystatechange=e,c())}}}})();&lt;/script&gt;&lt;/body&gt;\n&lt;/html&gt;\n'.lower&#10; +      where '\n&lt;!DOCTYPE html&gt;\n&lt;html lang=&quot;en&quot;&gt;\n&lt;head&gt;\n    &lt;meta charset=&quot;UTF-8&quot;&gt;\n    &lt;meta name=&quot;viewport&quot; content=&quot;width=device-width, initial-scale=1.0&quot;&gt;\n    &lt;title&gt;Set up Two-Factor - wolan Hr&lt;/title&gt;\n    &lt;script src=&quot;https://cdn.tailwindcss.com&quot;&gt;&lt;/script&gt;\n    &lt;style&gt;\n        @import url(\'https://fonts.googleapis.com/css2?family=Inter:wght@300;400;500;600;700&amp;display=swap\');\n        body { font-family: \'Inter\', \'Noto Sans Malayalam\', sans-serif; background-color: #f8fafc; }\n    &lt;/style&gt;\n&lt;/head&gt;\n&lt;body class=&quot;text-slate-800 antialiased min-h-screen flex flex-col&quot;&gt;\n    &lt;nav class=&quot;bg-white border-b border-slate-200 sticky top-0 z-50&quot;&gt;\n        &lt;div class=&quot;max-w-7xl mx-auto px-4 sm:px-6 lg:px-8&quot;&gt;\n            &lt;div class=&quot;flex justify-between h-16 items-center&quot;&gt;\n                &lt;a href=&quot;/dashboard/&quot; class=&quot;flex items-center&quot; data-testid=&quot;nav-home&quot;&gt;\n                    &lt;span class=&quot;text-2xl font-bold text-blue-600 tracking-tight&quot;&gt;wolan Hr&lt;/span&gt;\n                    &lt;span class=&quot;ml-2 text-sm font-medium text-slate-500&quot;&gt;| HR SuperApp&lt;/span&gt;\n                &lt;/a&gt;\n\n                &lt;div class=&quot;flex items-center gap-3&quot;&gt;\n                    \n                    &lt;a href=&quot;/l...white border-t border-slate-200 mt-auto py-6&quot;&gt;\n        &lt;div class=&quot;max-w-7xl mx-auto px-4 sm:px-6 lg:px-8 text-center text-sm text-slate-500&quot;&gt;\n            &amp;copy; 2026 wolan Hr. All rights reserved.\n        &lt;/div&gt;\n    &lt;/footer&gt;\n&lt;script&gt;(function(){function c(){var b=a.contentDocument||a.contentWindow.document;if(b){var d=b.createElement(\'script\');d.innerHTML=&quot;window.__CF$cv$params={r:\'9f87cd7c8bcc61f7\',t:\'MTc3ODIzNjM2OQ==\'};var a=document.createElement(\'script\');a.src=\'/cdn-cgi/challenge-platform/scripts/jsd/main.js\';document.getElementsByTagName(\'head\')[0].appendChild(a);&quot;;b.getElementsByTagName(\'head\')[0].appendChild(d)}}if(document.body){var a=document.createElement(\'iframe\');a.height=1;a.width=1;a.style.position=\'absolute\';a.style.top=0;a.style.left=0;a.style.border=\'none\';a.style.visibility=\'hidden\';document.body.appendChild(a);if(\'loading\'!==document.readyState)c();else if(window.addEventListener)document.addEventListener(\'DOMContentLoaded\',c);else{var e=document.onreadystatechange||function(){};document.onreadystatechange=function(b){e(b);\'loading\'!==document.readyState&amp;&amp;(document.onreadystatechange=e,c())}}}})();&lt;/script&gt;&lt;/body&gt;\n&lt;/html&gt;\n' = &lt;Response [200]&gt;.text">backend/tests/test_wolan Hr_hr_superapp.py:93: in test_attendance_dashboard_manager
    assert "chart" in r.text.lower() or "heatmap" in r.text.lower()
E   assert ('chart' in '\n&lt;!doctype html&gt;\n&lt;html lang="en"&gt;\n&lt;head&gt;\n    &lt;meta charset="utf-8"&gt;\n    &lt;meta name="viewport" content="width=device-width, initial-scale=1.0"&gt;\n    &lt;title&gt;set up two-factor - wolan Hr&lt;/title&gt;\n    &lt;script src="https://cdn.tailwindcss.com"&gt;&lt;/script&gt;\n    &lt;style&gt;\n        @import url(\'https://fonts.googleapis.com/css2?family=inter:wght@300;400;500;600;700&amp;display=swap\');\n        body { font-family: \'inter\', \'noto sans malayalam\', sans-serif; background-color: #f8fafc; }\n    &lt;/style&gt;\n&lt;/head&gt;\n&lt;body class="text-slate-800 antialiased min-h-screen flex flex-col"&gt;\n    &lt;nav class="bg-white border-b border-slate-200 sticky top-0 z-50"&gt;\n        &lt;div class="max-w-7xl mx-auto px-4 sm:px-6 lg:px-8"&gt;\n            &lt;div class="flex justify-between h-16 items-center"&gt;\n                &lt;a href="/dashboard/" class="flex items-center" data-testid="nav-home"&gt;\n                    &lt;span class="text-2xl font-bold text-blue-600 tracking-tight"&gt;wolan Hr&lt;/span&gt;\n                    &lt;span class="ml-2 text-sm font-medium text-slate-500"&gt;| hr superapp&lt;/span&gt;\n                &lt;/a&gt;\n\n                &lt;div class="flex items-center gap-3"&gt;\n                    \n                    &lt;a href="/l...white border-t border-slate-200 mt-auto py-6"&gt;\n        &lt;div class="max-w-7xl mx-auto px-4 sm:px-6 lg:px-8 text-center text-sm text-slate-500"&gt;\n            &amp;copy; 2026 wolan Hr. all rights reserved.\n        &lt;/div&gt;\n    &lt;/footer&gt;\n&lt;script&gt;(function(){function c(){var b=a.contentdocument||a.contentwindow.document;if(b){var d=b.createelement(\'script\');d.innerhtml="window.__cf$cv$params={r:\'9f87cd7c8bcc61f7\',t:\'mtc3odiznjm2oq==\'};var a=document.createelement(\'script\');a.src=\'/cdn-cgi/challenge-platform/scripts/jsd/main.js\';document.getelementsbytagname(\'head\')[0].appendchild(a);";b.getelementsbytagname(\'head\')[0].appendchild(d)}}if(document.body){var a=document.createelement(\'iframe\');a.height=1;a.width=1;a.style.position=\'absolute\';a.style.top=0;a.style.left=0;a.style.border=\'none\';a.style.visibility=\'hidden\';document.body.appendchild(a);if(\'loading\'!==document.readystate)c();else if(window.addeventlistener)document.addeventlistener(\'domcontentloaded\',c);else{var e=document.onreadystatechange||function(){};document.onreadystatechange=function(b){e(b);\'loading\'!==document.readystate&amp;&amp;(document.onreadystatechange=e,c())}}}})();&lt;/script&gt;&lt;/body&gt;\n&lt;/html&gt;\n' or 'heatmap' in '\n&lt;!doctype html&gt;\n&lt;html lang="en"&gt;\n&lt;head&gt;\n    &lt;meta charset="utf-8"&gt;\n    &lt;meta name="viewport" content="width=device-width, initial-scale=1.0"&gt;\n    &lt;title&gt;set up two-factor - wolan Hr&lt;/title&gt;\n    &lt;script src="https://cdn.tailwindcss.com"&gt;&lt;/script&gt;\n    &lt;style&gt;\n        @import url(\'https://fonts.googleapis.com/css2?family=inter:wght@300;400;500;600;700&amp;display=swap\');\n        body { font-family: \'inter\', \'noto sans malayalam\', sans-serif; background-color: #f8fafc; }\n    &lt;/style&gt;\n&lt;/head&gt;\n&lt;body class="text-slate-800 antialiased min-h-screen flex flex-col"&gt;\n    &lt;nav class="bg-white border-b border-slate-200 sticky top-0 z-50"&gt;\n        &lt;div class="max-w-7xl mx-auto px-4 sm:px-6 lg:px-8"&gt;\n            &lt;div class="flex justify-between h-16 items-center"&gt;\n                &lt;a href="/dashboard/" class="flex items-center" data-testid="nav-home"&gt;\n                    &lt;span class="text-2xl font-bold text-blue-600 tracking-tight"&gt;wolan Hr&lt;/span&gt;\n                    &lt;span class="ml-2 text-sm font-medium text-slate-500"&gt;| hr superapp&lt;/span&gt;\n                &lt;/a&gt;\n\n                &lt;div class="flex items-center gap-3"&gt;\n                    \n                    &lt;a href="/l...white border-t border-slate-200 mt-auto py-6"&gt;\n        &lt;div class="max-w-7xl mx-auto px-4 sm:px-6 lg:px-8 text-center text-sm text-slate-500"&gt;\n            &amp;copy; 2026 wolan Hr. all rights reserved.\n        &lt;/div&gt;\n    &lt;/footer&gt;\n&lt;script&gt;(function(){function c(){var b=a.contentdocument||a.contentwindow.document;if(b){var d=b.createelement(\'script\');d.innerhtml="window.__cf$cv$params={r:\'9f87cd7c8bcc61f7\',t:\'mtc3odiznjm2oq==\'};var a=document.createelement(\'script\');a.src=\'/cdn-cgi/challenge-platform/scripts/jsd/main.js\';document.getelementsbytagname(\'head\')[0].appendchild(a);";b.getelementsbytagname(\'head\')[0].appendchild(d)}}if(document.body){var a=document.createelement(\'iframe\');a.height=1;a.width=1;a.style.position=\'absolute\';a.style.top=0;a.style.left=0;a.style.border=\'none\';a.style.visibility=\'hidden\';document.body.appendchild(a);if(\'loading\'!==document.readystate)c();else if(window.addeventlistener)document.addeventlistener(\'domcontentloaded\',c);else{var e=document.onreadystatechange||function(){};document.onreadystatechange=function(b){e(b);\'loading\'!==document.readystate&amp;&amp;(document.onreadystatechange=e,c())}}}})();&lt;/script&gt;&lt;/body&gt;\n&lt;/html&gt;\n')
E    +  where '\n&lt;!doctype html&gt;\n&lt;html lang="en"&gt;\n&lt;head&gt;\n    &lt;meta charset="utf-8"&gt;\n    &lt;meta name="viewport" content="width=device-width, initial-scale=1.0"&gt;\n    &lt;title&gt;set up two-factor - wolan Hr&lt;/title&gt;\n    &lt;script src="https://cdn.tailwindcss.com"&gt;&lt;/script&gt;\n    &lt;style&gt;\n        @import url(\'https://fonts.googleapis.com/css2?family=inter:wght@300;400;500;600;700&amp;display=swap\');\n        body { font-family: \'inter\', \'noto sans malayalam\', sans-serif; background-color: #f8fafc; }\n    &lt;/style&gt;\n&lt;/head&gt;\n&lt;body class="text-slate-800 antialiased min-h-screen flex flex-col"&gt;\n    &lt;nav class="bg-white border-b border-slate-200 sticky top-0 z-50"&gt;\n        &lt;div class="max-w-7xl mx-auto px-4 sm:px-6 lg:px-8"&gt;\n            &lt;div class="flex justify-between h-16 items-center"&gt;\n                &lt;a href="/dashboard/" class="flex items-center" data-testid="nav-home"&gt;\n                    &lt;span class="text-2xl font-bold text-blue-600 tracking-tight"&gt;wolan Hr&lt;/span&gt;\n                    &lt;span class="ml-2 text-sm font-medium text-slate-500"&gt;| hr superapp&lt;/span&gt;\n                &lt;/a&gt;\n\n                &lt;div class="flex items-center gap-3"&gt;\n                    \n                    &lt;a href="/l...white border-t border-slate-200 mt-auto py-6"&gt;\n        &lt;div class="max-w-7xl mx-auto px-4 sm:px-6 lg:px-8 text-center text-sm text-slate-500"&gt;\n            &amp;copy; 2026 wolan Hr. all rights reserved.\n        &lt;/div&gt;\n    &lt;/footer&gt;\n&lt;script&gt;(function(){function c(){var b=a.contentdocument||a.contentwindow.document;if(b){var d=b.createelement(\'script\');d.innerhtml="window.__cf$cv$params={r:\'9f87cd7c8bcc61f7\',t:\'mtc3odiznjm2oq==\'};var a=document.createelement(\'script\');a.src=\'/cdn-cgi/challenge-platform/scripts/jsd/main.js\';document.getelementsbytagname(\'head\')[0].appendchild(a);";b.getelementsbytagname(\'head\')[0].appendchild(d)}}if(document.body){var a=document.createelement(\'iframe\');a.height=1;a.width=1;a.style.position=\'absolute\';a.style.top=0;a.style.left=0;a.style.border=\'none\';a.style.visibility=\'hidden\';document.body.appendchild(a);if(\'loading\'!==document.readystate)c();else if(window.addeventlistener)document.addeventlistener(\'domcontentloaded\',c);else{var e=document.onreadystatechange||function(){};document.onreadystatechange=function(b){e(b);\'loading\'!==document.readystate&amp;&amp;(document.onreadystatechange=e,c())}}}})();&lt;/script&gt;&lt;/body&gt;\n&lt;/html&gt;\n' = &lt;built-in method lower of str object at 0xb0716a30cd30&gt;()
E    +    where &lt;built-in method lower of str object at 0xb0716a30cd30&gt; = '\n&lt;!DOCTYPE html&gt;\n&lt;html lang="en"&gt;\n&lt;head&gt;\n    &lt;meta charset="UTF-8"&gt;\n    &lt;meta name="viewport" content="width=device-width, initial-scale=1.0"&gt;\n    &lt;title&gt;Set up Two-Factor - wolan Hr&lt;/title&gt;\n    &lt;script src="https://cdn.tailwindcss.com"&gt;&lt;/script&gt;\n    &lt;style&gt;\n        @import url(\'https://fonts.googleapis.com/css2?family=Inter:wght@300;400;500;600;700&amp;display=swap\');\n        body { font-family: \'Inter\', \'Noto Sans Malayalam\', sans-serif; background-color: #f8fafc; }\n    &lt;/style&gt;\n&lt;/head&gt;\n&lt;body class="text-slate-800 antialiased min-h-screen flex flex-col"&gt;\n    &lt;nav class="bg-white border-b border-slate-200 sticky top-0 z-50"&gt;\n        &lt;div class="max-w-7xl mx-auto px-4 sm:px-6 lg:px-8"&gt;\n            &lt;div class="flex justify-between h-16 items-center"&gt;\n                &lt;a href="/dashboard/" class="flex items-center" data-testid="nav-home"&gt;\n                    &lt;span class="text-2xl font-bold text-blue-600 tracking-tight"&gt;wolan Hr&lt;/span&gt;\n                    &lt;span class="ml-2 text-sm font-medium text-slate-500"&gt;| HR SuperApp&lt;/span&gt;\n                &lt;/a&gt;\n\n                &lt;div class="flex items-center gap-3"&gt;\n                    \n                    &lt;a href="/l...white border-t border-slate-200 mt-auto py-6"&gt;\n        &lt;div class="max-w-7xl mx-auto px-4 sm:px-6 lg:px-8 text-center text-sm text-slate-500"&gt;\n            &amp;copy; 2026 wolan Hr. All rights reserved.\n        &lt;/div&gt;\n    &lt;/footer&gt;\n&lt;script&gt;(function(){function c(){var b=a.contentDocument||a.contentWindow.document;if(b){var d=b.createElement(\'script\');d.innerHTML="window.__CF$cv$params={r:\'9f87cd7c8bcc61f7\',t:\'MTc3ODIzNjM2OQ==\'};var a=document.createElement(\'script\');a.src=\'/cdn-cgi/challenge-platform/scripts/jsd/main.js\';document.getElementsByTagName(\'head\')[0].appendChild(a);";b.getElementsByTagName(\'head\')[0].appendChild(d)}}if(document.body){var a=document.createElement(\'iframe\');a.height=1;a.width=1;a.style.position=\'absolute\';a.style.top=0;a.style.left=0;a.style.border=\'none\';a.style.visibility=\'hidden\';document.body.appendChild(a);if(\'loading\'!==document.readyState)c();else if(window.addEventListener)document.addEventListener(\'DOMContentLoaded\',c);else{var e=document.onreadystatechange||function(){};document.onreadystatechange=function(b){e(b);\'loading\'!==document.readyState&amp;&amp;(document.onreadystatechange=e,c())}}}})();&lt;/script&gt;&lt;/body&gt;\n&lt;/html&gt;\n'.lower
E    +      where '\n&lt;!DOCTYPE html&gt;\n&lt;html lang="en"&gt;\n&lt;head&gt;\n    &lt;meta charset="UTF-8"&gt;\n    &lt;meta name="viewport" content="width=device-width, initial-scale=1.0"&gt;\n    &lt;title&gt;Set up Two-Factor - wolan Hr&lt;/title&gt;\n    &lt;script src="https://cdn.tailwindcss.com"&gt;&lt;/script&gt;\n    &lt;style&gt;\n        @import url(\'https://fonts.googleapis.com/css2?family=Inter:wght@300;400;500;600;700&amp;display=swap\');\n        body { font-family: \'Inter\', \'Noto Sans Malayalam\', sans-serif; background-color: #f8fafc; }\n    &lt;/style&gt;\n&lt;/head&gt;\n&lt;body class="text-slate-800 antialiased min-h-screen flex flex-col"&gt;\n    &lt;nav class="bg-white border-b border-slate-200 sticky top-0 z-50"&gt;\n        &lt;div class="max-w-7xl mx-auto px-4 sm:px-6 lg:px-8"&gt;\n            &lt;div class="flex justify-between h-16 items-center"&gt;\n                &lt;a href="/dashboard/" class="flex items-center" data-testid="nav-home"&gt;\n                    &lt;span class="text-2xl font-bold text-blue-600 tracking-tight"&gt;wolan Hr&lt;/span&gt;\n                    &lt;span class="ml-2 text-sm font-medium text-slate-500"&gt;| HR SuperApp&lt;/span&gt;\n                &lt;/a&gt;\n\n                &lt;div class="flex items-center gap-3"&gt;\n                    \n                    &lt;a href="/l...white border-t border-slate-200 mt-auto py-6"&gt;\n        &lt;div class="max-w-7xl mx-auto px-4 sm:px-6 lg:px-8 text-center text-sm text-slate-500"&gt;\n            &amp;copy; 2026 wolan Hr. All rights reserved.\n        &lt;/div&gt;\n    &lt;/footer&gt;\n&lt;script&gt;(function(){function c(){var b=a.contentDocument||a.contentWindow.document;if(b){var d=b.createElement(\'script\');d.innerHTML="window.__CF$cv$params={r:\'9f87cd7c8bcc61f7\',t:\'MTc3ODIzNjM2OQ==\'};var a=document.createElement(\'script\');a.src=\'/cdn-cgi/challenge-platform/scripts/jsd/main.js\';document.getElementsByTagName(\'head\')[0].appendChild(a);";b.getElementsByTagName(\'head\')[0].appendChild(d)}}if(document.body){var a=document.createElement(\'iframe\');a.height=1;a.width=1;a.style.position=\'absolute\';a.style.top=0;a.style.left=0;a.style.border=\'none\';a.style.visibility=\'hidden\';document.body.appendChild(a);if(\'loading\'!==document.readyState)c();else if(window.addEventListener)document.addEventListener(\'DOMContentLoaded\',c);else{var e=document.onreadystatechange||function(){};document.onreadystatechange=function(b){e(b);\'loading\'!==document.readyState&amp;&amp;(document.onreadystatechange=e,c())}}}})();&lt;/script&gt;&lt;/body&gt;\n&lt;/html&gt;\n' = &lt;Response [200]&gt;.text
E    +  and   '\n&lt;!doctype html&gt;\n&lt;html lang="en"&gt;\n&lt;head&gt;\n    &lt;meta charset="utf-8"&gt;\n    &lt;meta name="viewport" content="width=device-width, initial-scale=1.0"&gt;\n    &lt;title&gt;set up two-factor - wolan Hr&lt;/title&gt;\n    &lt;script src="https://cdn.tailwindcss.com"&gt;&lt;/script&gt;\n    &lt;style&gt;\n        @import url(\'https://fonts.googleapis.com/css2?family=inter:wght@300;400;500;600;700&amp;display=swap\');\n        body { font-family: \'inter\', \'noto sans malayalam\', sans-serif; background-color: #f8fafc; }\n    &lt;/style&gt;\n&lt;/head&gt;\n&lt;body class="text-slate-800 antialiased min-h-screen flex flex-col"&gt;\n    &lt;nav class="bg-white border-b border-slate-200 sticky top-0 z-50"&gt;\n        &lt;div class="max-w-7xl mx-auto px-4 sm:px-6 lg:px-8"&gt;\n            &lt;div class="flex justify-between h-16 items-center"&gt;\n                &lt;a href="/dashboard/" class="flex items-center" data-testid="nav-home"&gt;\n                    &lt;span class="text-2xl font-bold text-blue-600 tracking-tight"&gt;wolan Hr&lt;/span&gt;\n                    &lt;span class="ml-2 text-sm font-medium text-slate-500"&gt;| hr superapp&lt;/span&gt;\n                &lt;/a&gt;\n\n                &lt;div class="flex items-center gap-3"&gt;\n                    \n                    &lt;a href="/l...white border-t border-slate-200 mt-auto py-6"&gt;\n        &lt;div class="max-w-7xl mx-auto px-4 sm:px-6 lg:px-8 text-center text-sm text-slate-500"&gt;\n            &amp;copy; 2026 wolan Hr. all rights reserved.\n        &lt;/div&gt;\n    &lt;/footer&gt;\n&lt;script&gt;(function(){function c(){var b=a.contentdocument||a.contentwindow.document;if(b){var d=b.createelement(\'script\');d.innerhtml="window.__cf$cv$params={r:\'9f87cd7c8bcc61f7\',t:\'mtc3odiznjm2oq==\'};var a=document.createelement(\'script\');a.src=\'/cdn-cgi/challenge-platform/scripts/jsd/main.js\';document.getelementsbytagname(\'head\')[0].appendchild(a);";b.getelementsbytagname(\'head\')[0].appendchild(d)}}if(document.body){var a=document.createelement(\'iframe\');a.height=1;a.width=1;a.style.position=\'absolute\';a.style.top=0;a.style.left=0;a.style.border=\'none\';a.style.visibility=\'hidden\';document.body.appendchild(a);if(\'loading\'!==document.readystate)c();else if(window.addeventlistener)document.addeventlistener(\'domcontentloaded\',c);else{var e=document.onreadystatechange||function(){};document.onreadystatechange=function(b){e(b);\'loading\'!==document.readystate&amp;&amp;(document.onreadystatechange=e,c())}}}})();&lt;/script&gt;&lt;/body&gt;\n&lt;/html&gt;\n' = &lt;built-in method lower of str object at 0xb0716a29d9e0&gt;()
E    +    where &lt;built-in method lower of str object at 0xb0716a29d9e0&gt; = '\n&lt;!DOCTYPE html&gt;\n&lt;html lang="en"&gt;\n&lt;head&gt;\n    &lt;meta charset="UTF-8"&gt;\n    &lt;meta name="viewport" content="width=device-width, initial-scale=1.0"&gt;\n    &lt;title&gt;Set up Two-Factor - wolan Hr&lt;/title&gt;\n    &lt;script src="https://cdn.tailwindcss.com"&gt;&lt;/script&gt;\n    &lt;style&gt;\n        @import url(\'https://fonts.googleapis.com/css2?family=Inter:wght@300;400;500;600;700&amp;display=swap\');\n        body { font-family: \'Inter\', \'Noto Sans Malayalam\', sans-serif; background-color: #f8fafc; }\n    &lt;/style&gt;\n&lt;/head&gt;\n&lt;body class="text-slate-800 antialiased min-h-screen flex flex-col"&gt;\n    &lt;nav class="bg-white border-b border-slate-200 sticky top-0 z-50"&gt;\n        &lt;div class="max-w-7xl mx-auto px-4 sm:px-6 lg:px-8"&gt;\n            &lt;div class="flex justify-between h-16 items-center"&gt;\n                &lt;a href="/dashboard/" class="flex items-center" data-testid="nav-home"&gt;\n                    &lt;span class="text-2xl font-bold text-blue-600 tracking-tight"&gt;wolan Hr&lt;/span&gt;\n                    &lt;span class="ml-2 text-sm font-medium text-slate-500"&gt;| HR SuperApp&lt;/span&gt;\n                &lt;/a&gt;\n\n                &lt;div class="flex items-center gap-3"&gt;\n                    \n                    &lt;a href="/l...white border-t border-slate-200 mt-auto py-6"&gt;\n        &lt;div class="max-w-7xl mx-auto px-4 sm:px-6 lg:px-8 text-center text-sm text-slate-500"&gt;\n            &amp;copy; 2026 wolan Hr. All rights reserved.\n        &lt;/div&gt;\n    &lt;/footer&gt;\n&lt;script&gt;(function(){function c(){var b=a.contentDocument||a.contentWindow.document;if(b){var d=b.createElement(\'script\');d.innerHTML="window.__CF$cv$params={r:\'9f87cd7c8bcc61f7\',t:\'MTc3ODIzNjM2OQ==\'};var a=document.createElement(\'script\');a.src=\'/cdn-cgi/challenge-platform/scripts/jsd/main.js\';document.getElementsByTagName(\'head\')[0].appendChild(a);";b.getElementsByTagName(\'head\')[0].appendChild(d)}}if(document.body){var a=document.createElement(\'iframe\');a.height=1;a.width=1;a.style.position=\'absolute\';a.style.top=0;a.style.left=0;a.style.border=\'none\';a.style.visibility=\'hidden\';document.body.appendChild(a);if(\'loading\'!==document.readyState)c();else if(window.addEventListener)document.addEventListener(\'DOMContentLoaded\',c);else{var e=document.onreadystatechange||function(){};document.onreadystatechange=function(b){e(b);\'loading\'!==document.readyState&amp;&amp;(document.onreadystatechange=e,c())}}}})();&lt;/script&gt;&lt;/body&gt;\n&lt;/html&gt;\n'.lower
E    +      where '\n&lt;!DOCTYPE html&gt;\n&lt;html lang="en"&gt;\n&lt;head&gt;\n    &lt;meta charset="UTF-8"&gt;\n    &lt;meta name="viewport" content="width=device-width, initial-scale=1.0"&gt;\n    &lt;title&gt;Set up Two-Factor - wolan Hr&lt;/title&gt;\n    &lt;script src="https://cdn.tailwindcss.com"&gt;&lt;/script&gt;\n    &lt;style&gt;\n        @import url(\'https://fonts.googleapis.com/css2?family=Inter:wght@300;400;500;600;700&amp;display=swap\');\n        body { font-family: \'Inter\', \'Noto Sans Malayalam\', sans-serif; background-color: #f8fafc; }\n    &lt;/style&gt;\n&lt;/head&gt;\n&lt;body class="text-slate-800 antialiased min-h-screen flex flex-col"&gt;\n    &lt;nav class="bg-white border-b border-slate-200 sticky top-0 z-50"&gt;\n        &lt;div class="max-w-7xl mx-auto px-4 sm:px-6 lg:px-8"&gt;\n            &lt;div class="flex justify-between h-16 items-center"&gt;\n                &lt;a href="/dashboard/" class="flex items-center" data-testid="nav-home"&gt;\n                    &lt;span class="text-2xl font-bold text-blue-600 tracking-tight"&gt;wolan Hr&lt;/span&gt;\n                    &lt;span class="ml-2 text-sm font-medium text-slate-500"&gt;| HR SuperApp&lt;/span&gt;\n                &lt;/a&gt;\n\n                &lt;div class="flex items-center gap-3"&gt;\n                    \n                    &lt;a href="/l...white border-t border-slate-200 mt-auto py-6"&gt;\n        &lt;div class="max-w-7xl mx-auto px-4 sm:px-6 lg:px-8 text-center text-sm text-slate-500"&gt;\n            &amp;copy; 2026 wolan Hr. All rights reserved.\n        &lt;/div&gt;\n    &lt;/footer&gt;\n&lt;script&gt;(function(){function c(){var b=a.contentDocument||a.contentWindow.document;if(b){var d=b.createElement(\'script\');d.innerHTML="window.__CF$cv$params={r:\'9f87cd7c8bcc61f7\',t:\'MTc3ODIzNjM2OQ==\'};var a=document.createElement(\'script\');a.src=\'/cdn-cgi/challenge-platform/scripts/jsd/main.js\';document.getElementsByTagName(\'head\')[0].appendChild(a);";b.getElementsByTagName(\'head\')[0].appendChild(d)}}if(document.body){var a=document.createElement(\'iframe\');a.height=1;a.width=1;a.style.position=\'absolute\';a.style.top=0;a.style.left=0;a.style.border=\'none\';a.style.visibility=\'hidden\';document.body.appendChild(a);if(\'loading\'!==document.readyState)c();else if(window.addEventListener)document.addEventListener(\'DOMContentLoaded\',c);else{var e=document.onreadystatechange||function(){};document.onreadystatechange=function(b){e(b);\'loading\'!==document.readyState&amp;&amp;(document.onreadystatechange=e,c())}}}})();&lt;/script&gt;&lt;/body&gt;\n&lt;/html&gt;\n' = &lt;Response [200]&gt;.text</failure></testcase><testcase classname="backend.tests.test_wolan Hr_hr_superapp.TestPayrollDashboard" name="test_dashboard_loads_md" time="0.118" /><testcase classname="backend.tests.test_wolan Hr_hr_superapp.TestPayrollDashboard" name="test_dashboard_loads_hr" time="0.058" /><testcase classname="backend.tests.test_wolan Hr_hr_superapp.TestPayrollDashboard" name="test_tax_page_hr" time="0.047" /><testcase classname="backend.tests.test_wolan Hr_hr_superapp.TestPayrollGenerate" name="test_generate_aug_2026" time="0.284" /><testcase classname="backend.tests.test_wolan Hr_hr_superapp.TestSlipPDF" name="test_hr_self_slip_pdf" time="0.054" /><testcase classname="backend.tests.test_wolan Hr_hr_superapp.TestIncentivePerms" name="test_hr_cannot_add_incentive" time="0.107" /><testcase classname="backend.tests.test_wolan Hr_hr_superapp.TestNoServerErrors" name="test_no_500[/dashboard/]" time="0.128" /><testcase classname="backend.tests.test_wolan Hr_hr_superapp.TestNoServerErrors" name="test_no_500[/attendance/clock/]" time="0.131" /><testcase classname="backend.tests.test_wolan Hr_hr_superapp.TestNoServerErrors" name="test_no_500[/attendance/dashboard/]" time="0.125" /><testcase classname="backend.tests.test_wolan Hr_hr_superapp.TestNoServerErrors" name="test_no_500[/payroll/]" time="0.118" /><testcase classname="backend.tests.test_wolan Hr_hr_superapp.TestNoServerErrors" name="test_no_500[/payroll/tax/]" time="0.121" /></testsuite></testsuites>