<?xml version="1.0" encoding="utf-8"?><testsuites name="pytest tests"><testsuite name="pytest" errors="0" failures="0" skipped="0" tests="17" time="2.851" timestamp="2026-05-08T10:00:56.197114+00:00" hostname="agent-env-489d41fa-fbc6-49f2-9560-ced4ced3827a"><testcase classname="backend.tests.test_wolan Hr_hr_superapp.TestAuth" name="test_login_page_loads" time="0.229" /><testcase classname="backend.tests.test_wolan Hr_hr_superapp.TestAuth" name="test_md_login" time="0.594" /><testcase classname="backend.tests.test_wolan Hr_hr_superapp.TestAuth" name="test_hr_login" time="0.732" /><testcase classname="backend.tests.test_wolan Hr_hr_superapp.TestAuth" name="test_unauthenticated_dashboard_redirects" time="0.216" /><testcase classname="backend.tests.test_wolan Hr_hr_superapp.TestAttendance" name="test_clock_page_loads" time="0.052" /><testcase classname="backend.tests.test_wolan Hr_hr_superapp.TestAttendance" name="test_attendance_dashboard_manager" time="0.070" /><testcase classname="backend.tests.test_wolan Hr_hr_superapp.TestPayrollDashboard" name="test_dashboard_loads_md" time="0.072" /><testcase classname="backend.tests.test_wolan Hr_hr_superapp.TestPayrollDashboard" name="test_dashboard_loads_hr" time="0.073" /><testcase classname="backend.tests.test_wolan Hr_hr_superapp.TestPayrollDashboard" name="test_tax_page_hr" time="0.057" /><testcase classname="backend.tests.test_wolan Hr_hr_superapp.TestPayrollGenerate" name="test_generate_aug_2026" time="0.175" /><testcase classname="backend.tests.test_wolan Hr_hr_superapp.TestSlipPDF" name="test_hr_self_slip_pdf" time="0.056" /><testcase classname="backend.tests.test_wolan Hr_hr_superapp.TestIncentivePerms" name="test_hr_cannot_add_incentive" time="0.102" /><testcase classname="backend.tests.test_wolan Hr_hr_superapp.TestNoServerErrors" name="test_no_500[/dashboard/]" time="0.060" /><testcase classname="backend.tests.test_wolan Hr_hr_superapp.TestNoServerErrors" name="test_no_500[/attendance/clock/]" time="0.067" /><testcase classname="backend.tests.test_wolan Hr_hr_superapp.TestNoServerErrors" name="test_no_500[/attendance/dashboard/]" time="0.070" /><testcase classname="backend.tests.test_wolan Hr_hr_superapp.TestNoServerErrors" name="test_no_500[/payroll/]" time="0.072" /><testcase classname="backend.tests.test_wolan Hr_hr_superapp.TestNoServerErrors" name="test_no_500[/payroll/tax/]" time="0.066" /></testsuite></testsuites>